app/manifest-merger-release-report.txt
-- Merging decision tree log ---
manifest
ADDED from AndroidManifest.xml:2:1
	xmlns:android
		ADDED from AndroidManifest.xml:2:11
	package
		ADDED from AndroidManifest.xml:3:5
		INJECTED from AndroidManifest.xml:0:0
		INJECTED from AndroidManifest.xml:0:0
	android:versionName
		ADDED from AndroidManifest.xml:5:5
	android:versionCode
		ADDED from AndroidManifest.xml:4:5
		INJECTED from AndroidManifest.xml:0:0
		INJECTED from AndroidManifest.xml:0:0
uses-permission#android.permission.READ_PHONE_STATE
ADDED from AndroidManifest.xml:8:5
	android:name
		ADDED from AndroidManifest.xml:8:22
uses-permission#android.permission.RECEIVE_BOOT_COMPLETED
ADDED from AndroidManifest.xml:9:5
	android:name
		ADDED from AndroidManifest.xml:9:22
uses-permission#android.permission.INTERNET
ADDED from AndroidManifest.xml:10:5
	android:name
		ADDED from AndroidManifest.xml:10:22
uses-permission#android.permission.ACCESS_WIFI_STATE
ADDED from AndroidManifest.xml:11:5
	android:name
		ADDED from AndroidManifest.xml:11:22
uses-permission#android.permission.WRITE_EXTERNAL_STORAGE
ADDED from AndroidManifest.xml:12:5
	android:name
		ADDED from AndroidManifest.xml:12:22
uses-permission#android.permission.SYSTEM_ALERT_WINDOW
ADDED from AndroidManifest.xml:13:5
	android:name
		ADDED from AndroidManifest.xml:13:22
uses-permission#android.permission.RESTART_PACKAGES
ADDED from AndroidManifest.xml:14:5
	android:name
		ADDED from AndroidManifest.xml:14:22
uses-permission#android.permission.ACCESS_NETWORK_STATE
ADDED from AndroidManifest.xml:16:5
	android:name
		ADDED from AndroidManifest.xml:16:22
uses-permission#android.permission.GET_TASKS
ADDED from AndroidManifest.xml:17:5
	android:name
		ADDED from AndroidManifest.xml:17:22
uses-permission#android.permission.INTERACT_ACROSS_USERS_FULL
ADDED from AndroidManifest.xml:18:5
	android:name
		ADDED from AndroidManifest.xml:18:22
uses-permission#android.permission.GET_TOP_ACTIVITY_INFO
ADDED from AndroidManifest.xml:19:5
	android:name
		ADDED from AndroidManifest.xml:19:22
uses-permission#android.permission.REORDER_TASKS
ADDED from AndroidManifest.xml:20:5
	android:name
		ADDED from AndroidManifest.xml:20:22
uses-permission#android.permission.WR
ADDED from AndroidManifest.xml:21:5
	android:name
		ADDED from AndroidManifest.xml:21:22
uses-permission#android.permission.MOUNT_UNMOUNT_FILESYSTEMS
ADDED from AndroidManifest.xml:25:5
	android:name
		ADDED from AndroidManifest.xml:25:22
uses-permission#android.permission.VIBRATE
ADDED from AndroidManifest.xml:28:5
	android:name
		ADDED from AndroidManifest.xml:28:22
uses-permission#android.permission.CAMERA
ADDED from AndroidManifest.xml:29:5
	android:name
		ADDED from AndroidManifest.xml:29:22
uses-permission#android.permission.FLASHLIGHT
ADDED from AndroidManifest.xml:30:5
	android:name
		ADDED from AndroidManifest.xml:30:22
uses-feature#android.hardware.camera
ADDED from AndroidManifest.xml:32:5
	android:name
		ADDED from AndroidManifest.xml:32:19
uses-feature#android.hardware.camera.autofocus
ADDED from AndroidManifest.xml:33:5
	android:name
		ADDED from AndroidManifest.xml:33:19
uses-feature#android.hardware.camera.flash
ADDED from AndroidManifest.xml:34:5
	android:name
		ADDED from AndroidManifest.xml:34:19
uses-permission#android.permission.CHANGE_NETWORK_STATE
ADDED from AndroidManifest.xml:37:5
	android:name
		ADDED from AndroidManifest.xml:37:22
uses-permission#android.permission.CHANGE_WIFI_STATE
ADDED from AndroidManifest.xml:38:5
	android:name
		ADDED from AndroidManifest.xml:38:22
uses-permission#android.permission.WAKE_LOCK
ADDED from AndroidManifest.xml:40:5
	android:name
		ADDED from AndroidManifest.xml:40:22
application
ADDED from AndroidManifest.xml:42:5
MERGED from com.android.support:support-v4:21.0.3:16:5
MERGED from com.android.support:appcompat-v7:21.0.3:16:5
MERGED from com.android.support:support-v4:21.0.3:16:5
MERGED from com.nispok:snackbar:2.7.3:10:5
MERGED from com.android.support:recyclerview-v7:21.0.3:17:5
MERGED from com.android.support:support-v4:21.0.3:16:5
MERGED from com.mikepenz.iconics:library:0.7.0:11:5
MERGED from com.mikepenz.aboutlibraries:library:4.5.0:11:5
MERGED from com.android.support:cardview-v7:21.0.3:16:5
MERGED from com.android.support:recyclerview-v7:21.0.3:17:5
MERGED from com.android.support:support-v4:21.0.3:16:5
MERGED from com.android.support:support-v4:21.0.3:16:5
MERGED from com.android.support:appcompat-v7:21.0.3:16:5
MERGED from com.android.support:support-v4:21.0.3:16:5
MERGED from com.android.support:cardview-v7:21.0.3:16:5
MERGED from com.android.support:gridlayout-v7:21.0.3:16:5
MERGED from com.android.support:support-v4:21.0.3:16:5
MERGED from com.android.support:recyclerview-v7:21.0.3:17:5
MERGED from com.android.support:support-v4:21.0.3:16:5
	android:allowBackup
		ADDED from com.mikepenz.iconics:library:0.7.0:12:9
	android:label
		ADDED from AndroidManifest.xml:45:9
	android:icon
		ADDED from AndroidManifest.xml:44:9
	android:theme
		ADDED from AndroidManifest.xml:47:9
	android:hardwareAccelerated
		ADDED from AndroidManifest.xml:43:9
	android:persistent
		ADDED from AndroidManifest.xml:46:9
activity#com.energyfuture.symphony.m3.activity.LoginActivity
ADDED from AndroidManifest.xml:48:9
	android:configChanges
		ADDED from AndroidManifest.xml:50:13
	android:name
		ADDED from AndroidManifest.xml:49:13
intent-filter#android.intent.action.MAIN+android.intent.category.LAUNCHER
ADDED from AndroidManifest.xml:51:13
action#android.intent.action.MAIN
ADDED from AndroidManifest.xml:52:17
	android:name
		ADDED from AndroidManifest.xml:52:25
category#android.intent.category.LAUNCHER
ADDED from AndroidManifest.xml:54:17
	android:name
		ADDED from AndroidManifest.xml:54:27
activity#com.energyfuture.symphony.m3.activity.ProjectListActivity
ADDED from AndroidManifest.xml:57:9
	android:label
		ADDED from AndroidManifest.xml:60:13
	android:configChanges
		ADDED from AndroidManifest.xml:59:13
	android:name
		ADDED from AndroidManifest.xml:58:13
activity#com.energyfuture.symphony.m3.activity.ImageZoomDialog
ADDED from AndroidManifest.xml:63:9
	android:screenOrientation
		ADDED from AndroidManifest.xml:67:13
	android:configChanges
		ADDED from AndroidManifest.xml:65:13
	android:name
		ADDED from AndroidManifest.xml:64:13
	android:launchMode
		ADDED from AndroidManifest.xml:66:13
activity#com.energyfuture.symphony.m3.wifi.ui.WifiListActivity
ADDED from AndroidManifest.xml:69:9
	android:label
		ADDED from AndroidManifest.xml:71:13
	android:theme
		ADDED from AndroidManifest.xml:72:13
	android:name
		ADDED from AndroidManifest.xml:70:13
activity#com.energyfuture.symphony.m3.activity.VersionUpdateActivity
ADDED from AndroidManifest.xml:74:9
	android:label
		ADDED from AndroidManifest.xml:76:13
	android:name
		ADDED from AndroidManifest.xml:75:13
activity#com.energyfuture.symphony.m3.activity.IndexActivity
ADDED from AndroidManifest.xml:78:9
	android:name
		ADDED from AndroidManifest.xml:78:19
service#com.energyfuture.symphony.m3.mqttservice.PushService
ADDED from AndroidManifest.xml:85:9
	android:label
		ADDED from AndroidManifest.xml:87:13
	android:name
		ADDED from AndroidManifest.xml:86:13
service#com.energyfuture.symphony.m3.analysis.MessageHandlerService
ADDED from AndroidManifest.xml:89:9
	android:label
		ADDED from AndroidManifest.xml:91:13
	android:process
		ADDED from AndroidManifest.xml:92:13
	android:name
		ADDED from AndroidManifest.xml:90:13
action#com.energyfuture.symphony.m3.analysis.MessageHandlerService
ADDED from AndroidManifest.xml:93:13
	android:name
		ADDED from AndroidManifest.xml:93:21
service#com.energyfuture.symphony.m3.analysis.GuardService
ADDED from AndroidManifest.xml:95:9
	android:label
		ADDED from AndroidManifest.xml:97:13
	android:process
		ADDED from AndroidManifest.xml:98:13
	android:name
		ADDED from AndroidManifest.xml:96:13
action#com.energyfuture.symphony.m3.analysis.GuardService
ADDED from AndroidManifest.xml:99:13
	android:name
		ADDED from AndroidManifest.xml:99:21
receiver#com.energyfuture.symphony.m3.util.BootCompletedReceiver
ADDED from AndroidManifest.xml:110:9
	android:name
		ADDED from AndroidManifest.xml:110:19
intent-filter#android.intent.action.BOOT_COMPLETED
ADDED from AndroidManifest.xml:111:13
action#android.intent.action.BOOT_COMPLETED
ADDED from AndroidManifest.xml:112:17
	android:name
		ADDED from AndroidManifest.xml:112:25
receiver#com.energyfuture.symphony.m3.util.AlarmreceiverReceiver
ADDED from AndroidManifest.xml:115:9
	android:name
		ADDED from AndroidManifest.xml:115:19
intent-filter#arui.alarm.action
ADDED from AndroidManifest.xml:116:13
action#arui.alarm.action
ADDED from AndroidManifest.xml:117:17
	android:name
		ADDED from AndroidManifest.xml:117:25
receiver#com.energyfuture.symphony.m3.util.BringToFrontReceiver
ADDED from AndroidManifest.xml:120:9
	android:name
		ADDED from AndroidManifest.xml:120:19
intent-filter#neal.pushtest.action.BringToFront
ADDED from AndroidManifest.xml:121:13
action#neal.pushtest.action.BringToFront
ADDED from AndroidManifest.xml:122:17
	android:name
		ADDED from AndroidManifest.xml:122:25
receiver#com.energyfuture.symphony.m3.analysis.MessageReceiver
ADDED from AndroidManifest.xml:125:9
	android:name
		ADDED from AndroidManifest.xml:125:19
intent-filter#android.intent.action.BOOT_COMPLETED+android.intent.category.LAUNCHER
ADDED from AndroidManifest.xml:126:13
receiver#com.energyfuture.symphony.m3.analysis.Alarmreceiver
ADDED from AndroidManifest.xml:132:9
	android:name
		ADDED from AndroidManifest.xml:132:19
activity#com.energyfuture.symphony.m3.activity.FilePdfActivity
ADDED from AndroidManifest.xml:140:9
	android:label
		ADDED from AndroidManifest.xml:142:13
	android:name
		ADDED from AndroidManifest.xml:141:13
service#com.energyfuture.symphony.m3.mqttservice.UploadFileService
ADDED from AndroidManifest.xml:145:9
	android:exported
		ADDED from AndroidManifest.xml:148:13
	android:enabled
		ADDED from AndroidManifest.xml:147:13
	android:name
		ADDED from AndroidManifest.xml:146:13
intent-filter#com.energyfuture.symphony.m3.uploadFileService
ADDED from AndroidManifest.xml:149:13
action#com.energyfuture.symphony.m3.uploadFileService
ADDED from AndroidManifest.xml:150:17
	android:name
		ADDED from AndroidManifest.xml:150:25
activity#com.energyfuture.symphony.m3.activity.VersionIPActivity
ADDED from AndroidManifest.xml:154:9
	android:label
		ADDED from AndroidManifest.xml:156:13
	android:name
		ADDED from AndroidManifest.xml:155:13
activity#com.energyfuture.symphony.m3.activity.TaskListActivity
ADDED from AndroidManifest.xml:158:9
	android:label
		ADDED from AndroidManifest.xml:160:13
	android:name
		ADDED from AndroidManifest.xml:159:13
activity#com.energyfuture.symphony.m3.activity.ReceiveTaskActivity
ADDED from AndroidManifest.xml:162:9
	android:label
		ADDED from AndroidManifest.xml:164:13
	android:name
		ADDED from AndroidManifest.xml:163:13
activity#com.energyfuture.symphony.m3.activity.TaskToolActivity
ADDED from AndroidManifest.xml:166:9
	android:windowSoftInputMode
		ADDED from AndroidManifest.xml:169:13
	android:label
		ADDED from AndroidManifest.xml:168:13
	android:name
		ADDED from AndroidManifest.xml:167:13
activity#com.energyfuture.symphony.m3.activity.JobContentActivity
ADDED from AndroidManifest.xml:171:9
	android:label
		ADDED from AndroidManifest.xml:173:13
	android:name
		ADDED from AndroidManifest.xml:172:13
activity#com.energyfuture.symphony.m3.piclook.ImagePagerActivity
ADDED from AndroidManifest.xml:175:9
	android:name
		ADDED from AndroidManifest.xml:175:19
activity#com.energyfuture.symphony.m3.activity.OperationItemActivity
ADDED from AndroidManifest.xml:177:9
	android:windowSoftInputMode
		ADDED from AndroidManifest.xml:180:13
	android:label
		ADDED from AndroidManifest.xml:179:13
	android:name
		ADDED from AndroidManifest.xml:178:13
service#com.energyfuture.symphony.m3.activity.MyService
ADDED from AndroidManifest.xml:183:9
	android:exported
		ADDED from AndroidManifest.xml:186:13
	android:enabled
		ADDED from AndroidManifest.xml:185:13
	android:name
		ADDED from AndroidManifest.xml:184:13
activity#com.energyfuture.symphony.m3.activity.WorkRecordActivity
ADDED from AndroidManifest.xml:189:9
	android:windowSoftInputMode
		ADDED from AndroidManifest.xml:192:13
	android:label
		ADDED from AndroidManifest.xml:191:13
	android:name
		ADDED from AndroidManifest.xml:190:13
activity#com.energyfuture.symphony.m3.activity.CommunionThemeListActivity
ADDED from AndroidManifest.xml:194:9
	android:name
		ADDED from AndroidManifest.xml:194:19
activity#com.energyfuture.symphony.m3.activity.CommunionThemeReplyActivity
ADDED from AndroidManifest.xml:196:9
	android:label
		ADDED from AndroidManifest.xml:198:13
	android:name
		ADDED from AndroidManifest.xml:197:13
activity#com.energyfuture.symphony.m3.activity.CommunionThemeCreateActivity
ADDED from AndroidManifest.xml:200:9
	android:label
		ADDED from AndroidManifest.xml:202:13
	android:name
		ADDED from AndroidManifest.xml:201:13
activity#com.energyfuture.symphony.m3.activity.CommunionSelectPictureActivity
ADDED from AndroidManifest.xml:204:9
	android:name
		ADDED from AndroidManifest.xml:204:19
activity#com.energyfuture.symphony.m3.piclook.ImagePagerCommActivity
ADDED from AndroidManifest.xml:206:9
	android:label
		ADDED from AndroidManifest.xml:208:13
	android:name
		ADDED from AndroidManifest.xml:207:13
activity#com.energyfuture.symphony.m3.activity.ProjectAddActivity
ADDED from AndroidManifest.xml:210:9
	android:label
		ADDED from AndroidManifest.xml:212:13
	android:name
		ADDED from AndroidManifest.xml:211:13
activity#com.energyfuture.symphony.m3.activity.StationAddActivity
ADDED from AndroidManifest.xml:214:9
	android:label
		ADDED from AndroidManifest.xml:216:13
	android:name
		ADDED from AndroidManifest.xml:215:13
activity#com.energyfuture.symphony.m3.activity.EquipmentAddActivity
ADDED from AndroidManifest.xml:218:9
	android:name
		ADDED from AndroidManifest.xml:218:19
activity#com.energyfuture.symphony.m3.activity.TaskAddActivity
ADDED from AndroidManifest.xml:220:9
	android:name
		ADDED from AndroidManifest.xml:220:19
activity#com.energyfuture.symphony.m3.activity.ReportViewActivity
ADDED from AndroidManifest.xml:222:9
	android:name
		ADDED from AndroidManifest.xml:222:19
activity#com.energyfuture.symphony.m3.activity.SettingNewActivity
ADDED from AndroidManifest.xml:224:9
	android:name
		ADDED from AndroidManifest.xml:224:19
activity#com.energyfuture.symphony.m3.activity.SettingImageActivity
ADDED from AndroidManifest.xml:226:9
	android:label
		ADDED from AndroidManifest.xml:228:13
	android:name
		ADDED from AndroidManifest.xml:227:13
activity#com.energyfuture.symphony.m3.activity.MessageMagActivity
ADDED from AndroidManifest.xml:230:9
	android:label
		ADDED from AndroidManifest.xml:232:13
	android:name
		ADDED from AndroidManifest.xml:231:13
activity#com.energyfuture.symphony.m3.activity.ImageGetActivity
ADDED from AndroidManifest.xml:234:9
	android:label
		ADDED from AndroidManifest.xml:236:13
	android:name
		ADDED from AndroidManifest.xml:235:13
activity#com.energyfuture.symphony.m3.activity.AboutActivity
ADDED from AndroidManifest.xml:237:9
	android:label
		ADDED from AndroidManifest.xml:239:13
	android:name
		ADDED from AndroidManifest.xml:238:13
activity#com.energyfuture.symphony.m3.activity.FlowActivity
ADDED from AndroidManifest.xml:240:9
	android:label
		ADDED from AndroidManifest.xml:242:13
	android:name
		ADDED from AndroidManifest.xml:241:13
activity#com.energyfuture.symphony.m3.activity.ReportDownLoadActivity
ADDED from AndroidManifest.xml:244:9
	android:name
		ADDED from AndroidManifest.xml:244:19
activity#com.energyfuture.symphony.m3.activity.CommToolsActivity
ADDED from AndroidManifest.xml:246:9
	android:name
		ADDED from AndroidManifest.xml:246:19
activity#com.energyfuture.symphony.m3.activity.TrFeedBackReplyActivity
ADDED from AndroidManifest.xml:248:9
	android:label
		ADDED from AndroidManifest.xml:250:13
	android:name
		ADDED from AndroidManifest.xml:249:13
activity#com.energyfuture.symphony.m3.activity.TrFeedBackSelectPictureActivity
ADDED from AndroidManifest.xml:252:9
	android:name
		ADDED from AndroidManifest.xml:252:19
activity#com.energyfuture.symphony.m3.piclook.ImagePagerFeedBackActivity
ADDED from AndroidManifest.xml:254:9
	android:name
		ADDED from AndroidManifest.xml:254:19
service#com.energyfuture.symphony.m3.download.DownloadApkService
ADDED from AndroidManifest.xml:257:9
	android:name
		ADDED from AndroidManifest.xml:257:18
intent-filter#com.energyfuture.symphony.m3.download.DOWNLOADAPD_SERVICE
ADDED from AndroidManifest.xml:258:13
action#com.energyfuture.symphony.m3.download.DOWNLOADAPD_SERVICE
ADDED from AndroidManifest.xml:259:17
	android:name
		ADDED from AndroidManifest.xml:259:25
activity#com.energyfuture.symphony.m3.activity.UserInfoActivity
ADDED from AndroidManifest.xml:263:9
	android:label
		ADDED from AndroidManifest.xml:265:13
	android:name
		ADDED from AndroidManifest.xml:264:13
activity#com.energyfuture.symphony.m3.activity.AlertPasswordActivity
ADDED from AndroidManifest.xml:267:9
	android:windowSoftInputMode
		ADDED from AndroidManifest.xml:270:13
	android:label
		ADDED from AndroidManifest.xml:269:13
	android:name
		ADDED from AndroidManifest.xml:268:13
uses-sdk
INJECTED from AndroidManifest.xml:0:0 reason: use-sdk injection requested
MERGED from com.android.support:support-v4:21.0.3:15:5
MERGED from com.android.support:appcompat-v7:21.0.3:15:5
MERGED from com.android.support:support-v4:21.0.3:15:5
MERGED from com.nispok:snackbar:2.7.3:6:5
MERGED from com.android.support:recyclerview-v7:21.0.3:15:5
MERGED from com.android.support:support-v4:21.0.3:15:5
MERGED from com.mikepenz.iconics:library:0.7.0:7:5
MERGED from com.mikepenz.aboutlibraries:library:4.5.0:7:5
MERGED from com.android.support:cardview-v7:21.0.3:15:5
MERGED from com.android.support:recyclerview-v7:21.0.3:15:5
MERGED from com.android.support:support-v4:21.0.3:15:5
MERGED from com.android.support:support-v4:21.0.3:15:5
MERGED from com.android.support:appcompat-v7:21.0.3:15:5
MERGED from com.android.support:support-v4:21.0.3:15:5
MERGED from M3:library2:unspecified:7:5
MERGED from com.android.support:cardview-v7:21.0.3:15:5
MERGED from com.android.support:gridlayout-v7:21.0.3:15:5
MERGED from com.android.support:support-v4:21.0.3:15:5
MERGED from com.android.support:recyclerview-v7:21.0.3:15:5
MERGED from com.android.support:support-v4:21.0.3:15:5
	android:targetSdkVersion
		INJECTED from AndroidManifest.xml:0:0
		INJECTED from AndroidManifest.xml:0:0
	android:minSdkVersion
		INJECTED from AndroidManifest.xml:0:0
		INJECTED from AndroidManifest.xml:0:0
activity#android.support.v7.widget.TestActivity
ADDED from com.android.support:recyclerview-v7:21.0.3:18:9
MERGED from com.android.support:recyclerview-v7:21.0.3:18:9
MERGED from com.android.support:recyclerview-v7:21.0.3:18:9
	android:label
		ADDED from com.android.support:recyclerview-v7:21.0.3:18:19
	android:name
		ADDED from com.android.support:recyclerview-v7:21.0.3:18:60
activity#com.mikepenz.aboutlibraries.ui.LibsActivity
ADDED from com.mikepenz.aboutlibraries:library:4.5.0:12:9
	android:name
		ADDED from com.mikepenz.aboutlibraries:library:4.5.0:12:19